[{
  "Body": "Creating Files...2025-07-18 12:59:01",
  "Timestamp": "2025-07-18T12:59:01.4247699-07:00",
  "Type": "Info"
},{
  "Body": "Finished creating files...2025-07-18 12:59:01",
  "Timestamp": "2025-07-18T12:59:01.4712047-07:00",
  "Type": "Info"
},{
  "Body": "Total time: 00:00:00",
  "Timestamp": "2025-07-18T12:59:01.4801453-07:00",
  "Type": "Info"
},{
  "Body": "--------------------------------------------------",
  "Timestamp": "2025-07-18T12:59:01.4805745-07:00",
  "Type": "Info"
},{
  "Body": "Creating Files...2025-07-18 13:00:46",
  "Timestamp": "2025-07-18T13:00:46.1787337-07:00",
  "Type": "Info"
},{
  "Body": "Finished creating files...2025-07-18 13:00:46",
  "Timestamp": "2025-07-18T13:00:46.2228748-07:00",
  "Type": "Info"
},{
  "Body": "Total time: 00:00:00",
  "Timestamp": "2025-07-18T13:00:46.2314127-07:00",
  "Type": "Info"
},{
  "Body": "--------------------------------------------------",
  "Timestamp": "2025-07-18T13:00:46.2318312-07:00",
  "Type": "Info"
}]